0
1
0
1
0
0
3
0
2
2
0
0
2
0
4
1
1
1
0
2
0
0
0
0
3
0
0
0
0
0
0
2
0
3
0
1
5
5
1
11
0
3
0
4
0
0
0
0
2
2
16
0
0
0
0
6
15
0
11
9
0
4
1
0
12
0
2
0
0
2
0
0
1
5
0
0
7
0
0
0
0
0
0
0
5
4
1
4
7
0
0
9
12
0
0
1
0
0
0
0
0
2
0
38
3
0
12
2
0
0
0
9
0
0
0
0
7
4
0
0
0
0
21
27
1
0
0
1
84
8
0
0
15
2
2
3
1
0
3
0
23
23
20
1
87
0
6
17
0
0
1
2
2
1
32
0
8
0
6
16
33
8
0
0
9
33
3
0
0
0
0
2
1
0
0
2
2
0
0
2
0
23
0
71
9
1
3
9
43
0
0
4
10
0
0
29
55
66
2
2
1
14
0
0
0
0
33
3
0
46
2
19
0
0
13
0
23
8
14
0
0
7
0
92
0
8
14
0
4
1
14
29
0
37
128
0
20
1
19
4
0
0
0
30
3
0
0
25
0
5
7
0
0
5
0
9
14
3
0
4
49
116
18
0
0
0
59
0
33
89
0
5
26
30
0
56
0
0
15
0
10
0
0
6
0
0
0
0
0
5
0
0
18
6
132
32
54
0
3
1
27
2
0
33
33
54
4
146
0
0
10
0
5
9
10
0
2
27
12
38
0
0
0
0
43
13
0
0
2
0
0
0
0
0
2
1
1
2
133
0
0
26
0
8
50
12
3
8
0
0
28
7
23
48
0
0
0
14
0
86
5
1
0
68
24
54
3
0
2
0
36
14
0
24
5
0
1
4
0
0
75
0
1
0
51
6
0
0
1
0
0
45
0
5
0
5
1
5
0
52
0
4
11
0
2
0
0
35
1
99
160
0
0
56
10
42
3
22
13
1
2
0
10
72
1
26
57
17
47
6
0
3
0
42
0
0
50
3
117
3
2
0
24
0
0
20
3
65
0
1
2
0
0
0
34
13
0
0
2
9
2
121
0
0
36
1
0
1
2
17
10
40
153
0
0
7
112
0
0
0
58
0
0
0
141
62
0
0
2
56
0
230
38
73
0
11
0
16
207
17
0
0
0
8
11
0
130
85
0
0
0
18
0
0
35
14
249
0
0
26
26
100
52
160
0
5
0
6
0
33
0
22
30
0
30
0
0
29
70
0
77
13
0
1
17
0
83
0
33
0
19
0
0
0
0
75
0
3
141
85
3
5
43
5
0
0
0
0
43
138
0
90
223
3
0
0
44
26
1
0
99
20
3
33
45
59
2
0
6
14
65
0
1
0
0
8
17
0
2
1
0
0
66
261
2
1
17
70
55
23
45
0
30
16
0
6
27
38
0
29
16
27
7
0
117
116
355
28
0
0
0
1
75
0
0
119
72
0
2
178
0
1
3
0
1
0
1
0
0
51
14
7
123
15
2
10
0
30
15
0
0
28
26
83
0
29
2
2
24
54
18
0
25
235
20
0
0
0
8
231
7
105
61
0
116
2
3
10
0
9
318
6
115
197
128
95
27
2
0
147
0
0
162
0
0
33
28
0
170
0
1
0
222
24
0
0
26
9
0
0
41
82
131
0
0
0
56
0
35
4
0
0
9
14
0
99
12
111
86
0
8
5
0
1
0
47
52
0
1
38
0
4
0
22
0
240
0
136
0
259
0
1
8
3
292
1
24
42
0
44
0
45
0
141
0
28
64
0
0
8
202
15
0
5
0
0
0
78
13
0
0
0
3
1
5
152
0
0
2
0
243
0
178
232
2
0
0
0
0
7
110
641
29
65
60
6
55
0
4
0
40
0
332
4
38
31
70
397
7
0
28
73
0
11
104
15
33
43
21
0
2
0
0
40
93
95
0
0
96
127
0
10
0
16
0
9
1
228
125
10
0
12
5
0
3
0
38
0
0
332
0
147
47
34
0
8
68
2
2
0
0
130
46
25
0
0
144
233
1
254
0
29
58
0
65
0
109
151
49
136
0
241
98
0
31
83
29
2
0
2
90
0
0
4
0
45
22
353
48
426
0
0
0
85
0
0
23
31
0
4
37
0
204
0
33
18
506
0
49
42
0
0
0
91
338
4
82
0
46
0
0
39
11
4
0
35
0
108
15
0
0
84
479
4
0
26
49
0
400
0
112
0
19
183
0
24
1
0
116
0
151
4
64
300
52
108
0
1
427
132
72
1
0
0
11
30
75
0
0
0
