No Data
No Data
9191195
9191195
No Data
No Data
-5777803
-5777803
No Data
-9629467
-5777803
9191195
-9629467
323245
-5614562
-5777803
-7801639
-2113919
No Data
-7801639
-7801639
197995
-5777803
-2113919
-7801639
-7801639
-2113919
No Data
-9629467
-9604091
-5614562
1188267
-9604091
No Data
-7801639
-9604091
-4865641
-5614562
-5777803
8173406
-9604091
No Data
-9604091
-7503218
-9604091
-7801639
-7801639
-7801639
-9629467
-6440115
No Data
-9604091
-2632613
-9629467
3938493
-9580605
-9604091
No Data
-9604091
-9629467
-7801639
-9629467
-9115913
-9629467
-9604091
-9604091
-9243897
-9580605
-9629467
-4865641
-9604091
-7852409
-9604091
-8744754
-8544356
No Data
No Data
-9604091
-9115913
-9604091
-9604091
-8744754
-9580605
-9604091
-9604091
-3780079
-8708661
-9629467
-7801639
1188267
-9604091
-9604091
-9629467
-9604091
-9629467
-9580605
-9604091
-9629467
-9604091
-9604091
-9629467
-8708661
-9629467
-9115913
-8834268
-9629467
-9543801
-9604091
-9243897
-8834268
-9922672
-9115913
-3780079
-9922672
-9604091
-9922672
-9580605
-9629467
No Data
-9922672
-7352684
-9543801
-9922672
-9543801
No Data
-9922672
-9539060
-9580605
-3780079
-9629467
-9604091
-9243897
-9243897
9402897
-9922672
-9543801
-9922672
-9580605
-9629467
-9922672
-9922672
-9115913
1373473
-8834268
-2352368
-3780079
-7542547
-9740293
-9740293
-9922672
-9922672
-2632613
-9740293
-9922672
-9922672
-9922672
-9740293
-9922672
-9543801
-9629467
-9740293
-9604091
-9740293
-9243897
-9922672
-9922672
-9629467
-9656357
-3780079
-9539060
-9740293
-9243897
-9629467
-9922672
-9922672
3938493
-9922672
-9740293
-9922672
-9115913
-9922672
-9922672
-9543801
-9922672
-7664551
-7715371
-9922672
-9629467
-9922672
-3780079
-9922672
-9629467
-9543801
-3780079
-9543801
7283397
-7542547
-9922672
-9629467
-9740293
-9543801
-9922672
-9922672
-9922672
-9922672
-9922672
-9243897
-9922672
-9922672
-9629467
-9115913
-9580605
-9922672
-8608143
-9580605
-9740293
-9922672
-9922672
-9115913
-9922672
-9922672
-9629467
-9243897
-9115913
-9922672
-9922672
-9922672
-9629467
-9922672
-2760789
-9922672
-9740293
-9629467
-3737165
-9922672
-9833550
-9833550
-9922672
-9922672
-9922672
-9629467
-9820841
-9243897
-9833550
-9115913
-9922672
-9922672
-9922672
-8744754
-9922672
-9922672
-9580605
-9922672
-6576119
-9740293
-9740293
-9833550
-9820841
-9922672
-9922672
-9820841
-9922672
-9820841
-9604091
-9922672
-9922672
-3786565
-9922672
-9922672
-9922672
-4059272
-9410113
-9922672
-9922672
-9922672
-9922672
-9543801
-9629467
-9833550
-9997996
-9740293
-9115913
-9392479
-9392479
-9922672
-8544356
1509205
-9997996
-8544356
-9243897
-9922672
-8544356
-9997996
-9741649
-9922672
-9922672
-9922672
-9922672
-9629467
-4059272
-9820841
No Data
-9997996
-9922672
-9997996
-9997996
-9997996
-9543801
-9922672
-9997996
-9629467
-9922672
-9392479
-3786565
8051091
-9922672
-9997996
-9543801
-9741649
-9997996
-9820841
-8834268
-9604091
-9997996
-9392479
-9741649
-9922672
-9997996
-9997996
-9922672
-9604091
-9543801
-9741649
-9922672
-9916475
-9997996
-9997996
-9820841
-9922672
-9604091
-4754368
-9922672
-9580605
-9997996
-9580605
-9997996
-9922672
-9997996
-7034829
-9997996
-9922672
-9629467
-7664551
-6103651
-9997996
-8834268
-9922672
-9997996
-9922672
-9997996
No Data
-9820841
-9997996
-9997996
-9922672
1188267
-8562918
No Data
-9580605
-9820841
-9741649
-9392479
-9997996
-9922672
-9997996
-9922672
-9922672
-9580605
-8708661
-9997996
-8562918
-9580605
-8035082
-9997996
-9916475
-9580605
-9833550
-9922672
-9922672
-9997996
-9997996
-9922672
-9392479
-9392479
-9922672
-9922672
-9997996
-9528433
-9528433
-9997996
-9922672
-9916475
-9922672
-9916475
-9922672
-9580605
-9997996
-9922672
-9997996
-9997996
-9997996
-9997996
-9922672
-9741649
-8608143
-3354671
-9997996
-9997996
-9580605
-9997996
-9820841
-9997996
-9922672
-9997996
-9243897
-9410113
-9997996
No Data
-9922672
-9741649
-8299134
-9997996
-9997996
-9901969
-9997996
-9922672
-9997996
-9922672
-9833550
-9997996
-9997996
-8035082
-9997996
-9580605
-9543801
-9922672
-9922672
-9997996
-9288727
-9833550
-9997996
-9997996
-9629467
-8522482
-9997996
-9833550
-9916475
-9901969
-8834268
-9997996
-9901969
-9922672
-9997996
-6481741
-9922672
-9629467
-9820841
-9997996
-9922672
-9922672
-9580605
-9580605
-9922672
-9997996
-9543801
-9922672
-9997996
-9901969
-9922672
-9916475
-9916475
-7021418
-9740293
-9922672
-9922672
-9922672
-9580605
-9997996
-8299134
-9922672
-9901969
-9922672
-8299134
-9922672
-9916475
-9580605
-9872834
-9833550
-9901969
-9922672
-9997996
-9997996
-9922672
-9922672
-9997996
-9922672
-9596481
-9997996
-9833550
-9997996
-8783397
-9922672
-7453504
-9872834
-9629467
-9543801
-9997996
-9997996
-9922672
-9997996
-9997996
-9901969
-9997996
-9997996
-9872834
-9410113
-9833550
-9543801
-9997996
-9997996
-9922672
-9922672
-9997996
-9922672
-9604091
-9872834
-9901969
-9872834
-9922672
-9833550
-9833550
-9997996
-9901969
No Data
No Data
-9922672
-8744754
-8783397
-9997996
-6026336
-9596481
-9184482
-9997996
-9997996
-9922672
-3786565
-2778422
-9922672
-9706190
-9275512
-9901969
-9901969
-9820841
-9997996
-9820841
-9820841
-9872834
-9997996
-9922672
-9872834
-9901969
-9922672
-9997996
-9901969
-9997996
-9997996
-9922672
-8708661
-9922672
-9922672
-9922672
-9820841
-9629467
-9901969
-9997996
-9922672
-9901969
-9916475
-9997996
-9901969
-9916475
-9997996
-9833550
-9629467
-9719944
-9997996
-9997996
-9901969
-9916475
-9901969
-9997996
-9997996
-9596481
-9954389
-9997996
-9997996
-9922672
-9922672
2106711
-9997996
-9954389
-9997996
-9997996
-9922672
-9922672
-9901969
-9916475
-8522482
-9954389
-9954389
-9997996
-9922672
-9997996
-9392479
-9997996
-8522482
-9922672
-9922672
-9997996
-9872834
-4707884
-8943364
-9275512
-9997996
-9922672
-9997996
-9954389
-9901969
-9997996
-9997996
-4413903
-9872834
-9922672
-9629467
-9922672
-9392479
-9997996
-9922672
No Data
-9901969
-9872834
-9997996
-9922672
-9922672
-9997996
-9922672
-9243897
-9833550
-9997996
-9833550
-9901969
-9954389
-9997996
-9997996
-9922672
-9833550
-9997996
-9706190
-9922672
-9997996
-9997996
-9833550
-9997996
-9997996
-9997996
-9922672
-9922672
-8608143
-9656357
-9922672
-9997996
-9997996
-8834268
-9901969
-9922672
-9997996
-9901969
-9997996
-9916475
-8612878
-9954389
-9706190
-9922672
-9916475
-9901969
-9997996
-9741649
-9997996
-9922672
-4413903
-9922672
-9604981
-9629467
-9604981
-9997996
-9916475
-9997996
-9833550
-4013074
-9629467
-9997996
-9901969
-9922672
-9997996
-9741649
-9901969
-9954389
-9872834
-9997996
-9997996
-9997996
-9997996
-9901969
-9741649
-9997996
-9922672
-9997996
-9820841
-9997996
-9922672
-9833550
-9922672
-9997996
-9997996
-9604981
-9997996
-9922672
-9901969
-9629467
-9706190
-9922672
-9922672
-9901969
-9997996
-9997996
-9997996
-9629467
-9392479
-9916475
-9922672
-9997996
-9997996
-9520601
-9528433
-9901969
-9901969
-9997996
-9922672
-9997996
-9820841
No Data
-9629467
-9916475
-9997996
-9997996
-8744754
-9922672
-9901969
-6481741
-9741649
-9997996
-9922672
-9997996
-9997996
-9820841
-9922672
-9922672
-9528433
-9604981
-9997996
-9997996
-7929593
-9971928
-9997996
-9997996
-9922672
-9922672
-9922672
-9997996
-9922672
-9997996
-9629467
-9528433
-9997996
-9997996
-9922672
-9629467
-9997996
-9997996
-8035082
-9820841
-9820841
-9997996
-9997996
-9901969
-9971928
-9997996
-9922672
-9604981
-9997996
-9997996
No Data
-9997996
-9922672
-9922672
-9872834
-9922672
-9997996
-9629467
-9922672
-9922672
-9820841
-9922672
-9901969
-9997996
-9820841
-7726552
-9997996
-9922672
-9997996
-9997996
-9922672
-9916475
-9922672
-7410976
-9997996
-9922672
-9997996
-9997996
-9916475
-9833550
-9922672
-9706190
-9971928
-9997996
-9392479
-8834268
-9997996
-8843475
-9997996
-9916475
-9922672
-9872834
-9997996
-9872834
-9997996
-9833550
-9971928
-9922672
-9997996
-9922672
-9872834
-6692763
-9901969
-9872834
-9997996
-9452551
-9901969
-9901969
-9901969
-8035082
-9901969
-9916475
-9719944
-9820841
-8289456
No Data
-9997996
-9901969
-8501455
-9997996
-9820841
-9997996
-9997996
-9833550
-9997996
-9872834
-9971928
-9833550
-9997996
-9922672
-9901969
-9922672
-9604981
-9543801
-9872834
-9682438
-9997996
-9997996
-7034829
-9922672
-8744754
-9971928
-9997996
-9971928
-9997996
-9682438
-9901969
-9682438
-9997996
-9596481
-9922672
-9971928
-9922672
-8843475
-9528433
-9901969
-9682438
-9922672
-9682438
-9401258
-9997996
-9438998
-9922672
-9916475
-9922672
-9922672
-9922672
-8943364
-9901969
-9922672
-3486491
-9922672
-9604981
-9682438
-9901969
-9872834
-9922672
-9901969
-9997996
-9997996
-9833550
-9997996
-4815735
-9604981
-9997996
-9997996
-9997996
-9922672
-9971928
-9922672
-9997996
-9901969
-9922672
-9901969
-9910026
-8843475
-9682438
-9997996
-9997996
-9833550
-4824126
-9997996
-9922672
-9916475
-9741649
-9997996
-9820841
-9922672
-9997996
-9820841
-9997996
-9922672
-6705839
-9997996
-9922672
-9922672
-9997996
-9997996
-9922672
-9682438
-9971928
-9682438
-9916475
-7726552
-9997996
-9997996
-9901969
-9492397
-9954389
-9997996
-9916475
-9997996
-9706190
-9901969
-9682438
-9922672
-9916475
-9922672
-9997996
-9997996
9905815
-9922672
-9872834
-7410976
-9901969
-9997996
-9997996
-9922672
-9997996
-9997996
-9971928
-9971928
-9997996
-9682438
-9901969
-9922672
-9997996
-9438998
-9997996
-9997996
-9682438
-9971928
-9916475
-9997996
-9922672
-8544356
-9922672
-9997996
-9997996
-9820841
-9954389
-9922672
-9922672
-9922672
-9392367
-9997996
-9997996
-8035082
-9922672
-4754368
-9997996
-9922672
-9706190
-9997996
-9997996
-9997996
-9922672
-9901969
-9392479
-9997996
-9997996
-9922672
-9922672
4130611
-9997996
-9997996
-9682438
-9997996
-9997996
-9997996
-9922672
-9401258
-9833550
-9922672
-9997996
-6576119
-9901969
-9820841
-9997996
-9916475
-9997996
-9901969
-9997996
-6738029
-9997996
-9901969
-9997996
-9997996
-8404727
-9910026
-9997996
-9997996
-9922672
-9997996
-9922672
-9922672
-9997996
-9922672
-9682438
-9922672
-9922672
-9997996
-9916475
-9922672
-9997996
-9916475
-8667336
-9604981
-9910026
-9997996
-9922672
-9922672
-9833550
-9872834
-9922672
-9901969
-9922672
-9922672
-9997996
-9820841
-9872834
-9997996
-9922672
-9997996
-9922672
-9910026
4910389
-9916475
-9997996
-9922672
-9298814
-9997996
-9910026
-9997996
-9916475
-9997996
-9997996
-8035082
-9997996
-9528433
-9922672
-9910536
-9922672
-9997996
-9910536
-9682438
-9997996
-9997996
-9997996
-9922672
-9682438
-9910536
-9682438
-9997996
-9922672
-9922672
-343338
-9997996
-2778422
-9922672
-9922672
-9997996
-9997996
-9922672
-9910026
-9682438
-9997996
-9682438
-8522482
-9997996
-9971928
-9901969
-9922672
-8035082
-9922672
-9916475
-9997996
-9901969
-9997996
-9997996
-9901969
-9922672
-9997996
-9922672
-9997996
-9997996
-9901969
-9997996
-9922672
-9922672
-7726552
-9997996
-9901969
-9922672
-9910026
-9901969
-9997996
-9604981
-9997996
-9910536
-9901969
-5150340
-9438998
-9392479
-9901969
-9901969
-9706190
-9997996
-9438998
-9820259
-9520601
-9922672
-9997996
-9922672
-9997996
-9997996
-9910536
-9922672
-9954389
-8067804
-9997996
-9922672
-7726552
-9997996
-9820259
-9916475
-9922672
-9997996
-9971928
-9997996
-9922672
-9997996
-9682438
-9922672
-9916475
-9922672
-9916475
-9922672
-9564820
-9922672
-9916475
-9922672
-9910026
-9922672
-9997996
-9916475
-9997996
-9682438
-9528433
-9997996
-9916475
-9997996
-9997996
-9706190
-9604981
-9682438
-9922672
-9901969
-9596481
-8868006
-9901969
-9997996
-9901969
-9922672
-8404727
-9922672
-9438998
-9997996
-9997996
-9922672
-9922672
-9997996
-9901969
-9922672
-9997996
-9922672
-9997996
-9997996
-9901969
-9997996
-9872834
-9901969
-9997996
-9997996
-9997996
-9997996
-9997996
-6052319
-9922672
-9910536
-9922672
-9910026
-9901969
-9910536
-9997996
-9916475
-9820841
-9997996
-9438998
-9922672
-9901969
-9997996
-9820841
-9971928
-9528433
-9901969
-9392479
-9922672
-9820841
-9820259
-7734067
-9682438
-9922672
No Data
-9492397
-9997996
-9997996
-9997996
-9916475
-8972230
-9872834
-9596481
-9604091
-9997996
-9997996
-9997996
-9997996
-9922672
-9997996
-412578
-9392479
-9901969
-9997996
-9997996
-9901969
-9820841
-9997996
-9522409
-9910536
-9596481
-9910026
-9997996
-9922672
-9997996
-9922672
-9997996
-9997996
-9737811
-9971928
-9392479
3061299
-9438998
-9910026
-9997996
-9922672
-9706190
-9922672
-9971928
-9833550
-9392479
-9949698
-9820841
-9949698
-9682438
-9737811
-9949698
-9910536
-9971928
-9438998
-9949698
-9392479
-9997996
-9737811
-9949698
-9737811
-9997996
-9949698
-9604981
-8404727
-9949698
-9997996
-9997996
-9910536
-9949698
-9997996
-9997996
-9997996
-9949698
-9997996
-9997996
-9997996
-9997996
-9682438
-9392479
-9949698
-9922672
-9997996
-9997996
-9949698
-9997996
-9922672
-9682438
-9997996
-9820259
-9997996
-9997996
-9997996
-9922672
-8868006
-9997996
-9997996
-9997996
-9526074
-9901969
-7852409
-9528433
5864779
-9949698
-9949698
-9737811
-9922672
-9922672
-9922672
-9922672
-9604981
-9997996
-9997996
-9923701
-8522482
-9901969
-9949698
-9997996
-9910536
-9901969
-9997996
-9997996
-9949698
-9528433
-9495591
-9971928
-9949698
-9971928
-9528433
-9997996
-9997996
-9922672
-9682438
-9971928
-9922672
-9732506
-9997996
4513851
-9922672
-9949698
-9971928
-7601815
-9872834
-9997996
-7726552
-9997996
-9910536
-9949698
-9949698
-9997996
-9997996
-9949698
-9910026
-9949698
-9949698
-9949698
-9949698
-9820259
-9949698
-9604981
-4902267
-9949698
-9922672
-9901969
-9949698
-9910536
-9243897
-9997996
-9971928
-9997996
-9925796
-9949698
-9901969
-9925796
-9997996
-9949698
-9997996
-9925796
-9949698
-9949698
-9997996
-9522409
-9997996
-9949698
-9925796
-9949698
-9949698
-9820259
-9910536
-9925796
-9997996
-9872834
-9997996
-9737811
-9949698
-9997996
-9910026
-9737811
-9971928
-9971928
-9997996
-9997996
-9280733
-9997996
-9949698
-9997996
-9820259
-9925796
-9925796
-9682438
-9997996
-9901969
-9960950
-9997996
-9997996
-9949698
-4414157
-9997996
-9997996
-9949698
-9997996
-9925796
-9925796
-9925796
-9737811
-9682438
-9719944
-9706190
-9960950
-9960950
-9949698
-9997996
-9925796
-9923701
-9925796
-9949698
-9949698
-9997996
-9997996
-9922672
-9997996
-9922672
-9997996
-9997996
-9949698
-9901969
-9997996
-9737811
-9949698
-9392479
-9949698
-9960950
-9949698
-9997996
-9520601
-9997996
-9916475
-9997996
-9949698
-9997996
-9997996
-9997996
-9682438
-9925796
-9949698
-9997996
2584864
-9392367
-9949698
-9872834
-9949698
-9997996
-9925796
-9065393
-9949698
-9949698
-9949698
-9949698
-9949698
-9925796
-9949698
-7734067
-9997996
-9960950
-9949698
-9820841
-9925796
-9392367
-9997996
-3996767
-9925796
-9997996
-9833550
-9901969
-9997996
-9997996
-9925796
-9522409
No Data
-9949698
-9997996
-9997996
-9969854
-9949698
-2368883
-9872834
-9901969
-9997996
-9960950
-9997996
-9971928
-9997996
-9949698
-9925796
-9997996
-9925796
-9925796
-9997996
-9022495
-9925796
-9997996
-9969854
-9997996
-9971928
-9969854
-9960950
-9740293
-9960950
-9969854
-9872834
-9922672
-9925796
-9925796
-9997996
-9925796
-9969854
-9949698
-9949698
-8522482
-9997996
-9997996
-9910536
-9997996
-9997996
-9997996
-9997996
-9925796
-9997996
-9969291
-9997996
-9997996
-9997996
-9528433
-9969854
-9564820
-9969291
-9971928
-9969291
-9969854
-9969854
-9969854
-9528433
-9997996
-7726552
-9925796
-9969291
-9969854
-9971928
-9969854
-9969291
-9997996
-9997996
-9997996
-9997996
-9949698
-9949698
-9528433
-9969854
-9969854
-9969291
-9971928
-9997996
-9949698
-8783397
-9820841
-9997996
-9522409
-9997996
-9969854
-9997996
-9960950
-9969854
-9922672
-9969854
-9103191
-9997996
-9997996
-9916475
-9969291
-9969291
-9969854
-9997996
-9969291
-9969854
-9910536
-9969291
-9997996
-9872834
-9997996
-9969291
-9925796
-271126
-9820841
-9969291
-9682438
-9969854
-9997996
-9997996
-9997996
-9949698
-9997996
-9997996
-9997996
-9604981
-9969854
-9997996
-9997996
-9971928
-9969291
-9872834
-9969291
-9997996
-9969291
-9969291
-9969291
-9997996
-9997996
-9682438
-9997996
-9997996
-9528433
-9969854
-9949698
-9872834
-9997996
-9997996
-7852409
-9971928
-9997996
-9997996
-7734067
-9969291
-9949698
-9997996
-9997996
-9949698
-9969291
-9922672
-9925796
-9997996
-8289456
-9872834
-9969291
-9969854
-9997996
No Data
-9949698
-9997996
-9872834
-9820841
-9997996
-9997996
-9922672
-9528433
-9632019
-9997996
-8433547
-9969291
-9997996
-9820841
-9997996
-9969291
-9997996
-9997996
-9949698
-9632019
-9997996
-9969854
-9969854
-9997996
-9997996
-9925796
-9969291
-9969854
-9960950
-9969854
-9604091
-9949698
-9949698
-9997996
-9997996
-9997996
-9997996
-7734067
-9706190
-9901969
-9969291
-9997996
-9969854
-9969291
-9916475
-9969854
-9916475
-9969291
-9925796
-9997996
-9997996
-9997996
-9392479
-9969854
-9923701
-9997996
-9969291
-9997996
-9997996
-9949698
-9969854
-9997996
-9682438
-9820841
-9997996
-9969854
-9969291
-9997996
-9949698
-9969291
-9969854
-9969854
-9969291
-9997996
-9969291
-9969854
-9820841
-9997996
-9969854
-9275512
-9949698
-9872834
-9923701
-9969854
-9969854
-9820841
-9969854
-9997996
-9949698
-9338277
-9997996
-9997996
-9969291
-9997996
-9997996
-9969854
-9960950
-9997996
-9997996
-9969854
-9997996
-9916475
-8430372
-9820259
-9969854
-9997996
-9687818
-463132
-9969854
-9916475
-9820259
-9969854
-9925796
-9997996
-9925796
-9872834
-9969291
-9969291
-9971928
-9997996
-9969291
-9997996
-9997996
-9997996
-9392479
-9997996
-9971928
-9969854
-9632019
-9922672
-9997996
-9901969
-9949698
-9969854
-9969854
-9969854
-9960950
-9997996
-9632019
-9997996
-9969854
-9969854
-9949698
-9997996
-9997996
-9520601
-9997996
-9949698
-9969291
-9969291
-9997996
-9526074
-9997996
-9528433
-9969291
-9997996
-9969291
-9997996
-9969291
-9820841
-9997996
-9604981
-9901969
-9833550
-9997996
-9969291
No Data
-9969291
-9969291
-9969854
-9997996
-9997996
5864779
-9997996
-9997996
-9997996
-9997996
-9969291
-9997996
-9997996
-9997996
-9997996
-9969291
-9969854
-9960950
-9997996
-9997996
-9971928
-9925796
-9997996
-9969291
-9997996
-9969291
-9528433
-9969854
-9922672
-9969854
-7734067
-9997996
-8067804
-9925796
-9997996
-9910878
-9949698
-9997996
-9997996
-9997996
-9997996
-9997996
-9969854
-7687109
-9997996
-9997996
-9820841
-9969291
-9997996
-9969854
-9969854
-9969291
-9820841
-9969291
-9105154
-9969854
-9997996
-9997996
-9997996
-9969854
-9969291
-9925796
-9997996
-9971928
-9997996
-9632019
-9969291
-9916475
-9872834
-9997996
-9969291
-9969291
-9969854
-9969854
-9969291
-9949698
-9969291
-9949698
-9103191
-9969854
-9997996
-9997996
-9520601
-9969291
-9997996
-9969854
-9969854
-9969291
-9971928
-9969854
-9969291
-9997996
-9916475
-9949698
-9949698
-9997996
-463132
-9969854
-9997996
-8404727
-9997996
-9997996
-9901969
-9997996
-9997996
-9901969
-9997996
-9997996
-9997996
-9997996
-9949698
-9949698
-9969291
-9997996
-9901969
-9922672
-9949698
-9997996
-9949698
-9971928
-9971928
-9997996
-9997996
-9969291
-9997996
-9997996
-9969854
-9923701
-9820841
-9922672
-9969854
-8482148
-9997996
-9997996
-9901969
-9969854
-9763520
-9969854
-7021418
-9763520
-9997996
-9916475
-9997996
-9923701
-9972016
-7350259
-9997996
-9949698
-9949698
-9997996
-9997996
-9949698
-9969291
-9969291
-9949698
-9997996
-9949698
-9949698
-9997996
-9872834
-9997996
-9969854
-9960950
-9969291
-9820841
-9740293
-9604091
716899
-9901969
-9901969
-9997996
-9997996
-9969291
-9997996
-9969854
-9949698
-9997996
-9916475
-9969291
-9949698
-9682438
-9997996
-9916475
-9910878
5864779
-9997996
-9820841
-9997996
-9969854
-9872834
-9997996
-9997996
-9997996
-9969854
-9949698
-9969291
-9949698
-9949698
-9901969
-9969854
-9997996
-9872834
-9997996
-9997996
-9969854
-7852409
-9997996
-9997996
-9969291
-9997996
-9969854
-9901969
-9969291
-9949698
-9925796
-9949698
-9969854
-9997996
-9822196
-9949698
-9997996
-9997996
-9997996
-9997996
-9925796
-9419824
-9392367
-9969854
-9997996
-9682438
-9997996
-9925796
-9997996
-9969854
-9997996
-9969291
-9997996
-9949698
-9969854
-9969291
-9969291
-9997996
-9822196
-9969291
-9997996
-9997996
-9901969
-9969291
-9604091
-9997996
-9972016
-9949698
-9969291
-9969291
-9972016
-9969854
-9997996
-9520601
-9997996
-9969291
-9949698
-9682438
-8751919
-9997996
-9949698
-9997996
-9820841
-9997996
-9949698
-9925796
-9997996
-9901969
-9763520
-9398206
-9969854
-9949698
-7734067
-9925796
-9997996
-9972016
-9960950
-9969291
-9997996
-9520601
-9949698
-9969854
-9997996
-9969854
-9969854
-9969291
-9969291
-9969291
-9972016
-9969291
-9910878
-9969854
-9971928
-9997996
-9969291
-9997996
-9682438
-9949698
-9969291
-9969854
-9969854
-9969854
-9971928
-9949698
-9969291
-9949698
-9969291
-9949698
-9969854
-9683801
-9997996
-9392479
-9949698
-9997996
-9949698
-9997996
-9969291
-9997996
-9997996
-9997996
-9925796
-9820841
-9925796
-9969291
-9997996
-9682438
-9969854
-9922672
-8280754
-9969854
-9997996
-9969291
-9901969
-9969291
-9969854
-7734067
-9960950
-9820841
-9969854
-9969291
-9901969
-9822196
-9949698
-9969854
-9922672
-9997996
-9969291
-9997996
-9949698
-9969291
-9969291
-9997996
-9925796
-9969854
-9997996
-9960950
-9969854
-9997996
-9949698
-9969291
-9997996
-9949698
-9969854
-9969291
-9997996
-9997996
-9960950
-9997996
-9969291
-9972016
-9969291
-9969854
-9916475
-9969291
-9969854
-9997996
-9949698
-9949698
-9997996
-9925796
-9949698
-7726552
-9872834
-9949698
-9748138
-9997996
-9969854
-9763520
-9969854
-9997996
-9997996
-9901969
-9949698
-9969291
-9969854
-9997996
-9997996
-9969854
-8462907
-9969854
-9997996
-9997996
-9949698
-9901969
-9969291
-9997996
-9997996
-9997996
-9916475
-9997996
-9997996
-9969291
-9923701
-9910878
-9969854
-9997996
-9969854
-9997996
-9872834
-9820841
-9969854
-9969291
-9910536
-9969291
-9997996
-9997996
-9997996
-9910878
-9997996
-9997996
-9960950
-4858015
-9901969
-9969291
-9969291
-9811470
-9922672
-9972016
-7966086
-9438998
-9949698
-9969291
-9969291
-9969291
-9997996
-9969291
-9969854
-9822196
-9872834
-9811470
-9969854
-9969291
-9997996
-9969291
-9925796
-9997996
-9997996
-9969854
-9997996
-9971928
-9969291
-9997996
-9969854
-9949698
-7734067
-9960950
-9969854
-9997996
-9971928
-9969291
-9997996
-9969291
-9922672
-9949698
-9969291
-9392479
-9997996
-9969291
-9997996
-9969854
-9954389
-9972016
-9997996
-9997996
-9969291
-9997996
-9969291
-9969854
-9969854
-9969291
-9997996
-9969291
-9969854
-9392367
-9949698
-9820841
-9997996
-9923701
-9682438
-9997996
-9972016
-9969854
-9997996
-9997996
-9969291
-9969854
-9910878
-9997996
-9341087
-9997996
-9997996
-9949698
-9997996
-7984042
-9872834
-9969854
-9922672
-9949698
-9872834
-9922672
-9997996
-9969291
-9969291
-9901969
-9969291
-9949698
-9997996
-9949698
-9949698
-9997996
-9997996
-9910878
-9901969
-9901969
-9969291
-9969291
-9949698
-9997996
-9969854
-9922672
-9997996
-9997996
-9495591
-9604981
-9971928
-9822196
-9997996
-9969291
-9997996
-9925796
-9997996
-9922672
-9997996
-9969291
-9972016
-9969854
-9969854
-9969854
-9128178
-9969854
-9997996
-9997996
-9820841
-9833550
-9243897
-9997996
-9923701
-9901969
-9949698
-9949698
-9997996
-9969291
-9763520
-9872834
-9997996
-9997996
-9997996
-9528433
-9822196
-9997996
-9392367
-8522482
-9820841
-9997996
-9969291
-9969854
-9997996
-9949698
-9997996
-9949698
-9682438
-9949698
-9969291
-9682438
-9997996
-9997996
-9997996
-9925796
-9822196
-9969291
-9997996
-9706190
-9997996
-9925796
-9969291
-9949698
-9969291
-9949698
-9997996
-9997996
-9997996
-9997996
-9997996
-9969291
-9997996
-9969854
-9997996
-4826377
-9910878
-9922672
-9969854
-9997996
-9997996
-9997996
-9925796
-9997996
-9438998
-9969854
-9997996
-9916475
-9997996
-9997996
-9949698
-9972016
-9392479
-9949698
-9997996
-9969291
-9969291
-9949698
-9969291
-9969854
-9997996
-9949698
-9438998
-9969291
-9969291
-9903406
-9997996
-9997996
-9997996
-9997996
-9463208
-9997996
-9997996
-9969854
-9872834
-9969854
-9997996
-9969854
-9682438
-9969291
-9969854
-9949698
-9997996
-9916475
-9969854
-9997996
-9969291
-9997996
-9922672
-9969291
-9997996
-9997996
-9997996
-9969854
-9972016
-9997996
-9997996
-9997996
-9971928
-9971928
-9971928
-9969291
-9872834
-9997996
-9997996
-9863522
-9969291
-9969854
-9969854
-9969291
-9972016
-9997996
-9997996
-9960950
-9682438
-9997996
-9969854
-9997996
-9997996
-9969854
-9997996
-9969854
-9969291
-9969291
-9923701
-9969291
-9923701
-9972016
-9969291
-9392479
-9997996
-9969854
-9969854
-9969291
-9969291
-9949698
-9969854
-9969291
-9949698
-9528433
-9488432
-9997996
-9997996
-9969854
-9604981
-9969854
-9997996
-9969291
-9969854
-9969291
-9901969
-9872834
-9969291
-9997996
-9872834
-9337523
-9997996
-9997996
-9997996
-9972016
-9916475
-9969291
-9591003
-9949698
-9960950
-9969291
-8984986
-9925796
-9997996
-9949698
-9815242
-9949698
-9969854
-9949698
-9972016
-9969291
-9969854
-9997996
-9997996
-9969854
-9700482
-9820259
-9969291
-9925796
-9969854
-9997996
-9971928
-9971928
-9969291
-9997996
-9969291
-9997996
-9949698
-9960950
-9969854
-9969291
-9949698
-9969854
-9815242
-9997996
-9949698
-9910536
-9969854
-9997996
-9916475
-9901969
-9997996
-9997996
-9969854
-9925796
-9949698
-9972016
-9969854
-9822196
-9972016
-9969854
-9969854
-9438998
-9949698
-9997996
-9822196
-9969291
-9997996
-9997996
-9539060
-9972016
-9997996
-9972016
-9969854
-9969291
-9901969
-9949698
-9997996
-9969291
-9949698
-9528433
-9969854
-9745463
-9997996
-9969291
-9949698
-9969854
-9969854
-9997996
-9969854
-9925796
-9969291
-9997996
-9969854
-9392367
-9997996
-9969291
-9969291
-9997996
-7734067
-9997996
-9997996
-9969854
-9543801
-9949698
-9925796
-9997996
-9997996
-9949698
-9997996
-9997996
-9910878
-9916475
-9997996
-9969291
-9997996
-9997996
-9491189
-9997996
-9969854
-9949698
-9969291
-9997996
-9969291
-9719944
-9682438
-9922672
-9997996
-9822196
-9700482
-9969854
-9910878
-9949698
-9969854
-9997996
-9997996
-9969854
-9901969
-9997996
-9969291
-9997996
-9997996
-9969291
-9997996
-9997996
-9872834
-9925796
-9949698
-9275512
-9969291
-9949698
-9528433
-9997996
-9903406
-9872834
-9392367
-9997996
-9997996
-9815242
-9969854
-9972016
-9997996
-9997996
-9922672
-9682438
-9683801
-9997996
-9997996
-9083006
-9949698
-9969291
-9969854
-9969854
-9916475
-9997996
-9969854
-7342633
-9969291
-9969291
-9737811
-7860201
-7734067
-9997996
-9997996
-9997996
-9997996
-9969291
-9997996
-9763520
-9997996
-9969291
-9949698
-9872834
-9997996
-9925796
-9925796
-9969291
-9969854
-9969854
-9997996
-9997996
-9972016
-9910878
-9528433
-9960950
-9916475
-9969291
-9997996
-9997996
-9528433
-9997996
-9997996
-9969291
-9969291
-9969291
-9969291
-9997996
-9820259
-9997996
-9737811
-9997996
-9820841
-9997996
-9969291
-9972016
-9969291
-9969291
-9969291
-9969291
-9949698
-9945796
-9960950
-9969854
-9997996
-9969291
-9969291
-9997996
-9901969
-9740293
-9997996
-9922672
-9997996
-9960950
-9972016
-9949698
-9969291
-9972016
-9969854
-9960950
-9969291
-9954389
-9997996
-9971928
-9392367
-9997996
-9969291
-9997996
-9815242
-9997996
-9997996
-9949698
-9960950
-9969854
-9682438
-7829159
-9925796
-9969854
-9969291
-9997996
-9972016
-9969854
-9997996
-9682438
-9969291
-9969854
-9969854
-9997996
-9763520
-9971928
-9997996
-9969291
-9969291
-9997996
-9997996
-9969854
-9949698
-9969291
-9997996
-9997996
-9997996
-9997996
-9960950
-9997996
-9969291
-9972016
-9972016
-9969854
-9969291
-9972016
-9820841
-9997996
-9960950
-9997996
-9872834
-9949698
-9969854
-9969854
-9945796
-9925796
-9392479
-9997996
-9969854
-9969291
-9969854
-9997996
-9971928
-9901969
-9741649
-9969854
-9969854
-9949698
-9969854
-9969854
-9030572
-9945796
-9997996
-9997996
-9949698
-9969854
-9997996
-9997996
-9969291
-9417272
-9997996
-9969291
-9949698
-9969291
-9833550
-9997996
-9872834
-9916475
-9916475
-9997996
-9949698
-9949698
-9969854
-9969854
-9922672
-9997996
-9901969
-9969854
-9969291
-9949698
-9997996
-9901969
-9922672
-9969854
-7021418
-9969291
-9820841
-9528433
-9916475
-6921817
-9969291
-9969291
-9969291
-9969854
-9997996
-9997996
-9997996
-9969291
-9949698
-9969291
-9833550
-9872834
-9960950
-9910536
-9969291
-9997996
-9949698
-9822196
-9969854
-9960950
-9949698
-9925796
-9910536
-9949698
-9997996
-9969854
-9969291
-9997996
-9969854
-9030572
-9972016
-9997996
-9997996
-9969854
-9969291
-9997996
-9972016
-9997996
-9969854
-9972016
-9997996
-9818692
-9925796
-9925796
-9949698
-9997996
-9997996
-9910536
-9997996
-9872834
-9925796
-9969291
-9922672
-9923701
-9997996
-9969854
-9872834
-9997996
-9682438
-9949698
-9997996
-9969291
-9997996
-9949698
-9969854
-9969854
-9997996
-9969854
-9969291
-9916475
-7991074
-9724243
-9969291
-9528433
-9910878
-9997996
-9997996
-9392367
-9997996
-9969854
-9903406
-9969291
-9969854
-9945796
-9916475
-9528433
-9949698
-9700482
-9969291
-9969291
-9997996
-9949698
-9997996
-9997996
-9960950
-7875516
-9972016
-9916475
-9901969
-9997996
-9949698
-9949698
-9528433
-9925796
-9969854
-9925796
-9969854
-9997996
-9997996
-9949698
-9949698
-9872834
-9997996
-9997996
-9997996
-9997996
-9528433
-9997996
-9822196
-9972016
-9997996
-9949698
-9997996
-9969291
-9945796
-9969854
-9945796
-9997996
-9969854
-8430372
-9960950
-9997996
-9969291
-9997996
-9997996
-9969291
-9822196
-9949698
-9901969
-9997996
-9969854
-9949698
-9997996
-9969854
-9949698
-9949698
-9997996
-9997996
-9969854
-9969291
-9949698
-9815242
-9997996
-9945796
-9969291
-9969854
-9960950
-9969854
-9815242
-9969854
-9969854
-9997996
-9910536
-9949698
-9949698
-9969291
-9949698
-9969854
-9997996
-9969291
-9949698
-9997996
-9925796
-9745463
-9969291
-9910536
-9969291
-9997996
-9969291
-9949698
-9997996
-9997996
-9997996
-9997996
-9925796
-9972016
-7734067
-9969854
-9997996
-9997996
-9901969
-9922672
-9997996
-9997996
-9969291
-9969291
-9997996
-9925796
-6866690
-9969291
-9949698
-9997996
-9872834
-9925796
-9997996
-9392479
-9969854
-9822196
-9969291
-9872834
-9822196
-9949698
-9700482
-9997996
-9997996
-9969291
-9997996
-9833550
-9997996
-9997996
-9969854
-9901969
-9997996
-9925796
-9969854
-9997996
-9528433
-9997996
-9949698
-9949698
-9997996
-9997996
-9872834
-9969854
-9969291
-9997996
-9969291
-9945796
-9969854
-9969854
-9997996
-9719944
-9945796
-9971928
-9997996
-3068477
-9997996
-9969291
-9997996
-9971928
-9949698
-9949698
-9700482
-7734067
-9949698
-9253844
-9969291
-9969854
-9997996
-9997996
-9997996
-9997996
-7734067
-9820841
-9969854
-9969291
-9971928
-6866690
-9997996
-9997996
-9949698
-9997996
-9969854
-9972016
-8430372
-9969854
-9969854
-9997996
-9997996
-9969291
-9820841
-9969854
-9949698
-9969854
-9822196
-9969854
-9997996
-9901969
-9969854
-9997996
-9997996
-9997996
-9997996
-9301604
-9997996
-9682438
-9682438
-9969854
-9997996
-9949698
-9969854
-9682438
-9997996
-9972016
-9969291
-9922672
-9969854
-9969291
-9997996
-9969291
-9997996
-9949698
-9997996
-9949698
-9997996
-9969291
-9949698
-9949698
-9969291
-9997996
-9916475
-9969291
-9969854
-9997996
-9969854
-9969291
-9392479
-9969854
-9916475
-9949698
-9997996
-9997996
-9997996
-9997996
-9969291
-9949698
-9969854
-9997996
-9969854
-9969291
-9969291
-9822196
-9997996
-9969291
-9997996
-9949698
-9969291
-9997996
-9682438
-9969291
-9969291
-9901969
-9997996
-9916475
-9822196
-9392479
-9811470
-9997996
-9997996
-9969854
-9997996
-9949698
-9969854
-9969291
-9997996
-9969291
-9997996
-9969854
-9969291
-9972016
-9969854
-9969291
-9910536
-4708691
-9997996
-9997996
-9969291
-9972016
-9604091
-9872834
-9997996
-9997996
-9949698
-9969854
-9997996
-9949698
-9997996
-9820841
-9872834
-9997996
-9949698
-9997996
-9969854
-9969854
-9682438
-9972016
-9969291
-9949698
-9997996
-9969854
-9997996
-9916475
-9969854
-9969291
-9732506
-9872834
-9949698
-9949698
-9949698
-9969291
-9418525
-9949698
-9997996
-9949698
-9997996
-9997996
-9972016
-9997996
-9969854
-9969291
-9969291
-9969854
-3809672
-9969854
-9969291
-9997996
-9392367
-8644305
-9969291
-9971928
-9949698
-9949698
-9997996
-9969854
-9997996
-9969854
-9960950
-9971928
-9969291
-9997996
-9972016
-9997996
-9997996
-8241536
-9901969
-9969291
-9969291
-9969291
-9969291
-9815242
-9392479
-7245798
-9969854
-8843475
-9969291
-9438998
-9520601
-9969854
-9969854
-9969291
-9997996
-9997996
-9972016
-9997996
-9971928
-8562918
-7734067
-3518222
-9820841
-9818692
-9910878
-9916475
-9818195
-9969854
-9925796
-9528303
-9969291
-7726552
-9969291
-9972016
-9997996
-9997996
-9971928
-9903406
-9969854
-9901969
-9997996
-9997996
-9969291
-9997996
-9997996
-9969854
-9969854
-9997996
-9997996
-9997996
-9997996
-9820259
-9812898
-9997996
-9997996
-9949698
-9969854
-9949698
-9969291
-9960950
-9997996
-9916475
-9969291
-9910878
-9971135
-9949698
-9949698
-9997996
-9971135
-9997996
-1963661
-9997996
-9972016
-9969291
-9969854
-9818195
-9969291
-9997996
-9997996
-9997996
-7734067
-9997996
-9872834
-9971928
-9972016
-9971135
-9971135
-9971135
-9997996
-9997996
-9971135
-9997996
-9949698
-9916475
-9969854
-9969854
-9997996
-9971135
-9997996
-9910878
-9997996
-9997996
-9997996
-9997996
-9997996
-9949698
-9971928
-9997996
-9820841
-9971135
-9820841
-9969291
-9997996
-9997996
-9971135
-9960950
-9997996
-9971135
-9969854
-9971135
-9997996
-9969854
-9745463
-9972016
-9949698
-9901969
-9969854
-9971135
-9971928
-9969854
-9997996
-9969854
-9997996
-9971135
-9682438
-9872834
-9528433
-9815242
-9969854
-9916475
-9997996
-9810330
-9997996
-9945796
-9969291
-9925796
-9971135
-9872834
-9997996
-9997996
-9997996
-9901969
-9969854
-9916475
-9997996
-9971135
-9949698
-9971135
-9997996
-9997996
-9949698
-9997996
-9997996
-9822196
-9916475
-9969854
-9960950
-9969854
-9997996
-9682438
-9997996
-9971135
-9972016
-9997996
-9960950
-9949698
-9700482
-9997996
-9969854
-9810330
-9997996
-9971135
-9997996
-9971928
-9682438
-9969854
-9528433
-9971135
-9969854
-9971135
-9997996
-9997996
-9997996
-9969854
-9945796
-9922672
-9969854
-9925796
-9972016
-9972016
-9997996
-9971135
-9969854
-9969291
-9971135
-9945796
-9972016
-9922672
-4826377
-9812898
-9949698
-9997996
-9971135
-9971135
-9392367
-9901969
-2270520
-9901969
-9997996
-9969854
-9997996
-9901969
-9901969
-9737811
-9700482
-9971135
-9971135
-9997996
-9971135
-9997996
-9969854
-9997996
-9997996
-9969854
-9971135
-9997996
-9997996
-9997996
-9997996
-9901969
-9997996
-9969854
-9949698
-9969854
-9820259
-9456790
-9997996
8111942
-9997996
-9820841
-9997996
-9997996
-9971135
-7726552
-9949698
-9969291
-9949698
-9949698
-9972016
-9945796
-9822196
-9949698
-9969854
-9997996
-9997996
-9901969
-9971135
-9901969
-9969854
-9822196
-9969854
-9949698
-9997996
-9997996
-9969291
-9526074
-9901969
-9969854
-9997996
-9949698
-9925796
-9997996
-9969291
-9872834
-9834981
-9949698
-9997996
-9997996
-9745463
-9997996
-9969854
-9822196
-9997996
-9997996
-9820841
-9430670
-9997996
-9971928
-9997996
-9337523
-9971135
-9960950
-9997996
-9916475
-9971928
-9997996
-9971135
-9417272
-9997996
-9969854
-9971135
-9971135
-9971135
-9997996
-9969854
-9925796
-9997996
-9997996
-9916475
-9971928
-9528433
-9543354
-9969854
-9997996
-9971135
-9971135
-9969854
-9949698
-9969854
-9820259
-9949698
-9997996
-9997996
-9392479
-9969291
-9971135
-9949698
-9910878
-9997996
-9969854
-9945796
-9997996
-9949698
-9972016
-9969854
-9997996
-9910878
-9922672
-9960950
-9949698
-9971135
-9971135
-9997996
-9997996
-9971135
-9997996
-8608143
-9969291
-9971135
-9997996
-9971135
-9784097
-9997996
-9971135
-9741649
-9969291
-9916475
-9997996
-9971135
-9971135
-9969291
-9971135
-9997996
-9969854
-9969854
-9997996
-9997996
-9969854
-9997996
-9997996
-9971135
-9949698
-9969854
-9971135
-9969854
-9972016
-9997996
-9969854
-9997996
-9997996
-9969854
-9969854
-9971135
-9872834
-9949698
-9910878
-9971135
-9997996
-9949698
-9997996
-9901969
-9972016
-9822196
-9997996
-7694727
-9997996
-9971135
-9949698
-9997996
-9971135
-9971135
-9971135
-9971135
-9949698
-9997996
-9997996
-9971135
-9949698
-9916475
-9997996
-9997996
-9997996
-9971135
-9872834
-9971135
-9969854
-9997996
-9997996
-9997996
-9872834
-9971135
-9971135
-9997996
-9969854
-9997996
-9969854
-9971135
-9997996
-9969854
-9997996
-9997996
-9949698
-9997996
-9969854
-9971135
-9997996
-9969291
-9997996
-9969854
-9997996
-9380542
-9971135
-9971135
-9949698
-9969854
-9971135
-7468893
-9949698
-9997996
-9949698
-9969854
-9901969
-9997996
-9972016
-7402170
-9971135
-9833858
-9997996
-9971135
-9997996
-9997996
-9997996
-9960950
-9997996
-9971135
-9949698
-9969291
-9969854
-9972016
-9604981
-9960950
-9949698
-9997996
-9872834
-9971135
-9997996
-9969291
-9822976
-9971135
-9971135
-9997996
-9997996
-9916475
-9971135
-9997996
-9949698
-9997996
-9949698
-9971135
-9997996
-9949698
-9949698
9135329
-9417272
-9820259
-9945796
-9969854
-9972016
-9997996
-9949698
-9949698
-9949698
-9969854
-9949698
-9997996
-9997996
-9997996
-9969854
-9971135
-9348506
-9997996
-9901969
-8522482
-9997996
-9969854
-9949698
-9995740
-9995740
-9969291
-9995740
-9969854
-9997996
-9818195
-9995740
-7734067
-9969854
-9995740
-9995740
-9997996
-9969854
-9820841
-9997996
-9995740
-9997996
-9949698
-9995740
-9392479
-9949698
-9922672
-9954389
-9995740
-9997996
-9997996
-9997996
-9997996
-9872834
-9972016
-9995740
-9997996
-9997996
-9997996
-9969854
-9949698
-9969854
-9997996
-9971135
-9949698
-9916475
-9997996
-9997996
-9949698
-9969854
-9969854
-9949698
-9997996
-9922672
-9876467
-9700482
-9997996
-9901969
-9969854
-9604091
-9949698
-9949698
-7734067
-9971928
-9997996
-9971135
-9995740
-9995740
-9969854
-9901969
-9877775
-9872834
-9969854
-9995740
-9815242
-9969854
-9922672
-9997996
-9997996
-9969854
-9995740
-9997996
-9997996
-9997996
-9972016
-9997996
-9969854
-9997996
-9969854
-9995740
-9995740
-9949698
-9995740
-9997996
-9972016
-9969854
-9997996
-9995740
-9995740
-9995740
-9995740
-9949698
-9969854
-9997996
-9969854
-9969854
-9995740
-9995740
-9997996
-9997996
-9997996
-9995740
-9995740
-9949698
-9995740
-9932058
-9997996
No Data
-9820841
-9872834
-9995740
-9910878
-9997996
-9997996
-9995740
-8280754
-9971135
-9995740
-9872834
-9812898
-9995740
-9932058
-9997996
-9969854
-9997996
-9995740
-9997996
-9997996
-9969854
-9997996
-9969854
-9995740
-9997996
-9997996
-9995740
-9701558
-9997996
-9997996
-9997996
-9672126
-9971928
-9997996
-9997996
-9995740
-9997996
-9949698
-9949698
-9997996
-9995740
-9969854
-9833858
-9995740
-9877775
-9916475
-9969291
-9969854
-9949698
-9901969
-9916475
-9997996
-9997996
-9997996
-9995740
-9997996
-9995740
-9997996
-9997996
-9971135
-9972016
-9997996
-9745463
-9997996
-9997996
-9997996
-9872834
-9879402
-9833858
-9995740
-9872834
-9997996
-9995740
-9995740
-9997996
-9997996
-9997996
-9995740
-9997996
-9969854
-9997996
-9995740
-9997996
-9995740
-9969854
-9997996
-9997996
-9949698
-9949698
-9995740
-9969854
7753589
-9922672
-9969854
-9969854
-9971135
-9949698
-9997996
-9949698
-9682438
-9997996
-9971135
-9969854
-9997996
-9949698
-9971135
-9812898
-9997996
-9997996
-9682438
-9901969
-9833858
-9997996
-9997996
-7714548
-9969854
-9997996
-9969854
-9949698
-9997996
-9995740
-9872834
-9972016
-9949698
-9971928
-9997996
-9820259
-9833550
-9971135
-9995740
-9960950
-9997996
-9995740
-9969854
-9604091
-9997996
-9930215
-9995740
-9997996
-9997996
-9960950
-9969854
-9997996
-9997996
-9995740
-9818692
-9969854
-9969854
-9969291
-9719944
-9949698
-9971135
-9997996
-9949698
-9971135
-9997996
-9949698
-9945796
-9949698
-9997996
-9997996
-9997996
-9872834
-9997996
-9997996
-9949698
-9700482
-9995740
-9995740
-9995740
-9969854
-9995740
-9997996
-9997996
-9997996
-9971135
-9995740
-9903406
-9969854
-9997996
-9945796
-9969854
-9995740
-9969854
-7101432
-9997996
-9995740
-9997996
-9995740
-9902089
-9997996
-9995740
-9995740
-9997996
-9820841
-9916475
-9997996
-9995740
-9997996
-9972016
-9930215
-9960950
-9969854
-9949698
-9997996
-9995740
-9969854
-9997996
-9995740
-9969854
-9997996
-9995740
-9969854
-9997996
-9969291
-9995740
-9604091
-9997996
-9997996
-9997996
-9969854
-9997996
-9960950
-9969854
-9969854
-9960950
-9995740
-9903406
-9596481
-7734067
-9969854
-9997996
-9971928
-9997996
-9872834
-9997996
-9971928
-9833858
-9995740
-9995740
-9932058
-9995740
-9997996
-9995740
-9945796
-9969854
-9995740
-9833858
-9656357
-9995740
-9960950
-9995740
-9945796
-9969854
-9997996
-9969854
-9997996
-9995740
-9969854
-9997996
-9969854
-9916475
-9997996
-9949698
-9949698
-9995740
-9997996
-9969854
-9901969
-9995740
-9960950
-9995740
-9997996
-9997996
-9945796
-9949698
-9949698
-9972016
-9971928
-9997996
-9995740
-9995740
-9969854
-9997996
-9872834
-9972016
-9971928
-9969854
-9971928
-9949698
-9971928
-9972016
-9997996
-9833858
-9995740
-9995740
-9949698
-8644305
-9872834
-9995740
-9932058
-9997996
-9971135
-9997996
-9969854
-9997996
-9997996
-9833858
-7350259
-9877775
-9995740
-9971135
-9949698
-9683801
-9949698
-9997996
-9997996
-9997996
-9995740
-9997996
-9916475
-9995740
-9995740
-9997996
-9997996
-9997996
-9995740
-9969854
-9971928
-9995740
-9995740
-9997996
-9995740
-9997996
-9997996
-9997996
-9949698
-9949698
-9997996
-9051584
-9969854
-9995740
-9995740
-9997996
-9997996
-9969854
-9997996
-9997996
-9995740
-9997996
-9997996
-9922672
-9969854
-9995740
-9995740
-9960950
-9997996
-9971135
-9876467
-9995740
-9903406
-9995740
-9997996
-9979238
-9997996
-9997996
-9949698
-9969854
-9949698
-9995740
-9995740
-9820259
-9995740
-9969854
-9969854
-9930215
-9910536
-9872834
-9949698
-9969854
-9997996
-9997996
-9815242
-9997996
-9997996
-9971928
-9971135
-9949698
-9269963
-9995740
-8984986
-9997996
-9969854
-9997996
-9997996
-9997996
-9995740
-9922672
-9997996
-9997996
-9877775
-9997996
-9997996
-9995740
-9949698
-9997996
-9930215
-9997996
-9995740
-9833858
-9969854
-9969854
-9959629
-9995740
-9997996
No Data
-9995740
-9997996
-9979238
-9960950
-9979238
-9877775
-9949698
-9997996
-8615358
-9995740
-9997996
-9969854
-9997996
-9997996
-9995740
-9997996
-9949698
-9923701
-9995740
-9949698
-9949698
-9833858
-9995740
-9969854
-9997996
-9971135
-9872834
-9995740
-9392367
-9997996
-9683801
-9995740
-9995740
-9822976
-9997996
-9971135
-9604091
-9949698
-9997996
-9995740
-9959629
-9995740
-9799640
-9997996
-9949698
-9812898
-9969854
-9997996
-9995740
-9995740
-9979238
-9949698
-9971135
-9997996
-9995740
-9997996
-9916475
-9997996
-9997996
-9949698
-9960950
-9872834
-9995740
-9960950
-9997996
-9877775
-9971928
-9995740
-9997996
-9997996
-9997996
-9949698
-9997996
-9833858
-9997996
-9959629
-9820841
-9997996
-9971135
-9916475
-9995740
-8668803
-9949698
-9997996
-9995740
-9949698
-9997996
-9971928
-3068477
-9971135
-9997996
-9997996
-9960950
-9949698
-9997996
-9959629
-9995740
-9969854
-9872834
-9820259
-9997996
-9969854
-3450840
-9969854
-9969854
-9997996
-9969854
-9997996
-9971928
-9997996
-9960950
-9682438
-9979238
-9995740
-9745463
-9995740
-9971928
-9820259
-9872834
-9997996
-9997996
-9997996
-9997996
-9833858
-9995740
-9995740
-9997996
-9995740
-7332809
-9997996
-9969854
-9971928
-9997996
-9997996
-9959629
-9995740
-9456605
-9995740
-9949698
-9997996
-9979238
-9910878
-9979238
-9949698
-9995740
-9969854
-9995740
-9969854
-9995740
-9910878
-9959629
-9791873
-9923701
-9997996
-9995740
-9995740
-9995740
-9995740
-9997996
-9995740
-9954389
-9995740
-9997996
-9932058
-9997996
5015786
-9969854
-9969854
-9997996
-9995740
-9949698
-9997996
-7709034
-9997996
-9997996
-9997996
-9969854
-9997996
-9949698
-9979238
-9997996
-9997996
-9997996
-9995740
-9392479
-9997996
-7983042
-9949698
-9979238
-9820841
-9969854
-9995740
-9997996
-9997996
-8668803
-9997996
-9901969
-9995740
-9969854
-9995740
-9995740
-9995740
-9971135
-9997996
-9591003
-9997996
-9872834
-9969854
-9995740
-9997996
-9916475
-9997996
-9971135
-9969854
-9969854
-9959629
-9949698
-9971135
-9997996
-9997996
-9995740
-9997996
-9822976
-9997996
-9949698
-9979238
-9822196
-9877775
-9910878
-9969854
-9971928
-9979238
-9997996
-9979238
-9997996
-9995740
-9995740
-9995740
-9818692
-9995740
-9997996
-9997996
-9997996
-9969854
-9997996
-9997996
-9969854
-9995740
-9949698
-9969854
-9997996
-9997996
-9979238
-9997996
-8397941
-9979238
-9488432
-9997996
-9997996
-9997996
-9997996
-9916475
-9877775
-9959629
-9916475
-9949698
-9979238
-9995740
-9949698
-9960950
-8668803
-9969854
-9872834
-9833858
-9949698
-9995740
-9969854
-9949698
-9969854
-9997996
-9922672
-9995740
-9969854
-8404727
-9997996
-9475445
-9997996
-9456605
-9969854
-9392367
-9997996
-9969854
-9997996
-9997996
-9932058
-9932058
-9995740
-9997996
-9959629
-9997996
-9901969
-9456790
-9997996
-9995740
-9969854
-9997996
-9930215
-9995740
-9901969
-9922672
-9995740
-9997996
-9969854
-9997996
-9969854
-9872834
-9969854
-9995740
-9997996
-9995740
-9969854
-9995740
-9916475
-9932058
-9971928
-7734067
-9922672
-9959629
-9997996
-9997996
-9969854
-9971135
-9901969
-9997996
-9922672
-9833858
-9997996
-9877775
-9997996
-9969854
-9949698
-9949698
-9949698
-9997996
-9995740
-9969854
-9418060
-9997996
-9877775
-9815242
-9671103
-9995740
-9995740
-9916475
-9997996
-9979238
-9979238
-9995740
-9833858
-9997996
-8798835
-9997996
-9997996
-9995740
-9969854
-9995740
-9995740
-9997996
-9949698
-9995740
-9922672
-9820259
-9997996
-9997996
-9997996
-9997996
-9997996
-7108616
-9997996
-9818195
-9997996
-9876467
-9997996
-9656723
-9997996
-9949698
-9997996
-9337523
-9969854
-9997996
-9412544
-9997996
-9922672
-9995740
-9997996
-9932058
-9997996
-9997996
-9995740
-9960950
-9997996
-9995740
-9995740
-9997996
-6866690
-9473130
-9995740
-9949698
-9995740
-9971135
-9922672
-9969291
-9995740
-9916475
-9995740
-9997996
-9997996
-9995740
-9876467
-9997996
-9997996
-9971135
-9338277
-9995740
-9969854
-9997996
-9949698
-9995740
-9995740
-9949698
-9995740
-9959629
-9872834
-9971135
-9969854
-9997996
-9971135
-9971135
-9916475
-9995740
-9930215
-9995740
-9997996
-9995740
-9959629
-9995740
-9997996
-9987990
-9969854
-9987990
-5495165
-9997996
-9997996
-9987990
-9820841
-9995740
